<?xml version="1.0" encoding="UTF-8"?>
<testng-results ignored="0" total="4" passed="4" failed="0" skipped="0">
  <reporter-output>
  </reporter-output>
  <suite started-at="2025-02-20T10:48:17 IST" name="Default suite" finished-at="2025-02-20T10:48:17 IST" duration-ms="101">
    <groups>
    </groups>
    <test started-at="2025-02-20T10:48:17 IST" name="Default test" finished-at="2025-02-20T10:48:17 IST" duration-ms="101">
      <class name="Test.TestNGPriority">
        <test-method signature="test2()[pri:1, instance:Test.TestNGPriority@61d6015a]" started-at="2025-02-20T10:48:17 IST" name="test2" finished-at="2025-02-20T10:48:17 IST" duration-ms="14" status="PASS">
          <reporter-output>
          </reporter-output>
        </test-method> <!-- test2 -->
        <test-method signature="test1()[pri:2, instance:Test.TestNGPriority@61d6015a]" started-at="2025-02-20T10:48:17 IST" name="test1" finished-at="2025-02-20T10:48:17 IST" duration-ms="3" status="PASS">
          <reporter-output>
          </reporter-output>
        </test-method> <!-- test1 -->
        <test-method signature="test4()[pri:3, instance:Test.TestNGPriority@61d6015a]" started-at="2025-02-20T10:48:17 IST" name="test4" finished-at="2025-02-20T10:48:17 IST" duration-ms="4" status="PASS">
          <reporter-output>
          </reporter-output>
        </test-method> <!-- test4 -->
        <test-method signature="test3()[pri:4, instance:Test.TestNGPriority@61d6015a]" started-at="2025-02-20T10:48:17 IST" name="test3" finished-at="2025-02-20T10:48:17 IST" duration-ms="1" status="PASS">
          <reporter-output>
          </reporter-output>
        </test-method> <!-- test3 -->
      </class> <!-- Test.TestNGPriority -->
    </test> <!-- Default test -->
  </suite> <!-- Default suite -->
</testng-results>
