<?xml version="1.0" encoding="UTF-8"?>
<testng-results ignored="0" total="1" passed="1" failed="0" skipped="0">
  <reporter-output>
  </reporter-output>
  <suite started-at="2025-02-24T13:13:41 IST" name="Suite" finished-at="2025-02-24T13:15:33 IST" duration-ms="112604">
    <groups>
    </groups>
    <test started-at="2025-02-24T13:13:41 IST" name="Test" finished-at="2025-02-24T13:15:33 IST" duration-ms="112604">
      <class name="Test.BookSearch">
        <test-method signature="search()[pri:0, instance:Test.BookSearch@5136d012]" started-at="2025-02-24T13:13:41 IST" name="search" finished-at="2025-02-24T13:15:33 IST" duration-ms="112528" status="PASS">
          <reporter-output>
          </reporter-output>
        </test-method> <!-- search -->
      </class> <!-- Test.BookSearch -->
    </test> <!-- Test -->
  </suite> <!-- Suite -->
</testng-results>
