<?xml version="1.0" encoding="UTF-8"?>
<!-- Generated by org.testng.reporters.JUnitXMLReporter -->
<testsuite ignored="0" hostname="DESKTOP-5JQ5RTR" failures="0" tests="4" name="Surefire test" time="0.08" errors="0" timestamp="2025-02-24T13:07:36 IST">
  <testcase classname="Test.TestNGPriority" name="test2" time="0.023"/>
  <testcase classname="Test.TestNGPriority" name="test1" time="0.0"/>
  <testcase classname="Test.TestNGPriority" name="test4" time="0.0"/>
  <testcase classname="Test.TestNGPriority" name="test3" time="0.0"/>
</testsuite> <!-- Surefire test -->
