<?xml version="1.0" encoding="UTF-8"?>
<!-- Generated by org.testng.reporters.JUnitXMLReporter -->
<testsuite ignored="0" hostname="DESKTOP-5JQ5RTR" failures="0" tests="6" name="Test" time="0.107" errors="0" timestamp="2025-02-18T22:22:33 IST">
  <testcase classname="ListenersTestNG.ListenersDemo" name="test1" time="0.014"/>
  <testcase classname="ListenersTestNG.ListenersDemo" name="test2" time="0.003"/>
  <testcase classname="ListenersTestNG.ListenersDemo" name="test3" time="0.001"/>
  <testcase classname="ListenersTestNG.ListenersDemo" name="test4" time="0.002"/>
  <testcase classname="ListenersTestNG.ListenersDemo2" name="test5" time="0.002"/>
  <testcase classname="ListenersTestNG.ListenersDemo2" name="test6" time="0.002"/>
</testsuite> <!-- Test -->
